{"C:\\Users\\Felix\\Desktop\\REELEVANT\\todos-los-proyectos-y-ejercicios\\primerProyecto\\backend\\services\\mysql.js": {"path":"C:\\Users\\Felix\\Desktop\\REELEVANT\\todos-los-proyectos-y-ejercicios\\primerProyecto\\backend\\services\\mysql.js","statementMap":{"0":{"start":{"line":2,"column":14},"end":{"line":2,"column":31}},"1":{"start":{"line":3,"column":9},"end":{"line":3,"column":11}},"2":{"start":{"line":5,"column":0},"end":{"line":25,"column":1}},"3":{"start":{"line":6,"column":4},"end":{"line":24,"column":6}},"4":{"start":{"line":7,"column":6},"end":{"line":23,"column":7}},"5":{"start":{"line":8,"column":32},"end":{"line":14,"column":10}},"6":{"start":{"line":15,"column":8},"end":{"line":20,"column":10}},"7":{"start":{"line":16,"column":10},"end":{"line":18,"column":11}},"8":{"start":{"line":17,"column":12},"end":{"line":17,"column":42}},"9":{"start":{"line":19,"column":10},"end":{"line":19,"column":34}},"10":{"start":{"line":22,"column":8},"end":{"line":22,"column":40}},"11":{"start":{"line":27,"column":0},"end":{"line":56,"column":3}},"12":{"start":{"line":28,"column":4},"end":{"line":55,"column":6}},"13":{"start":{"line":29,"column":6},"end":{"line":54,"column":7}},"14":{"start":{"line":30,"column":8},"end":{"line":51,"column":10}},"15":{"start":{"line":31,"column":10},"end":{"line":50,"column":11}},"16":{"start":{"line":32,"column":12},"end":{"line":46,"column":13}},"17":{"start":{"line":34,"column":16},"end":{"line":34,"column":59}},"18":{"start":{"line":35,"column":16},"end":{"line":35,"column":21}},"19":{"start":{"line":37,"column":16},"end":{"line":37,"column":50}},"20":{"start":{"line":38,"column":16},"end":{"line":38,"column":21}},"21":{"start":{"line":42,"column":16},"end":{"line":42,"column":29}},"22":{"start":{"line":43,"column":16},"end":{"line":43,"column":21}},"23":{"start":{"line":45,"column":16},"end":{"line":45,"column":55}},"24":{"start":{"line":48,"column":12},"end":{"line":48,"column":57}},"25":{"start":{"line":49,"column":12},"end":{"line":49,"column":42}},"26":{"start":{"line":53,"column":8},"end":{"line":53,"column":40}},"27":{"start":{"line":58,"column":2},"end":{"line":58,"column":22}}},"fnMap":{"0":{"name":"(anonymous_0)","decl":{"start":{"line":5,"column":22},"end":{"line":5,"column":23}},"loc":{"start":{"line":5,"column":34},"end":{"line":25,"column":1}},"line":5},"1":{"name":"(anonymous_1)","decl":{"start":{"line":6,"column":23},"end":{"line":6,"column":24}},"loc":{"start":{"line":6,"column":44},"end":{"line":24,"column":5}},"line":6},"2":{"name":"(anonymous_2)","decl":{"start":{"line":15,"column":32},"end":{"line":15,"column":33}},"loc":{"start":{"line":15,"column":53},"end":{"line":20,"column":9}},"line":15},"3":{"name":"(anonymous_3)","decl":{"start":{"line":27,"column":11},"end":{"line":27,"column":12}},"loc":{"start":{"line":27,"column":51},"end":{"line":56,"column":3}},"line":27},"4":{"name":"(anonymous_4)","decl":{"start":{"line":28,"column":23},"end":{"line":28,"column":24}},"loc":{"start":{"line":28,"column":44},"end":{"line":55,"column":5}},"line":28},"5":{"name":"(anonymous_5)","decl":{"start":{"line":30,"column":37},"end":{"line":30,"column":38}},"loc":{"start":{"line":30,"column":60},"end":{"line":51,"column":9}},"line":30}},"branchMap":{"0":{"loc":{"start":{"line":16,"column":10},"end":{"line":18,"column":11}},"type":"if","locations":[{"start":{"line":16,"column":10},"end":{"line":18,"column":11}},{"start":{},"end":{}}],"line":16},"1":{"loc":{"start":{"line":31,"column":10},"end":{"line":50,"column":11}},"type":"if","locations":[{"start":{"line":31,"column":10},"end":{"line":50,"column":11}},{"start":{"line":47,"column":17},"end":{"line":50,"column":11}}],"line":31},"2":{"loc":{"start":{"line":32,"column":12},"end":{"line":46,"column":13}},"type":"switch","locations":[{"start":{"line":33,"column":14},"end":{"line":35,"column":21}},{"start":{"line":36,"column":14},"end":{"line":38,"column":21}},{"start":{"line":39,"column":14},"end":{"line":39,"column":28}},{"start":{"line":40,"column":14},"end":{"line":40,"column":29}},{"start":{"line":41,"column":14},"end":{"line":43,"column":21}},{"start":{"line":44,"column":14},"end":{"line":45,"column":55}}],"line":32}},"s":{"0":1,"1":1,"2":1,"3":4,"4":4,"5":4,"6":4,"7":4,"8":0,"9":4,"10":0,"11":1,"12":4,"13":4,"14":4,"15":4,"16":3,"17":2,"18":2,"19":1,"20":1,"21":0,"22":0,"23":0,"24":1,"25":1,"26":0,"27":1},"f":{"0":4,"1":4,"2":4,"3":4,"4":4,"5":4},"b":{"0":[0,4],"1":[3,1],"2":[2,1,0,0,0,0]},"_coverageSchema":"1a1c01bbd47fc00a2c39e90264f33305004495a9","hash":"c7542c7cb12c0e166bb3dad2dd80436bc5eead11"}
,"C:\\Users\\Felix\\Desktop\\REELEVANT\\todos-los-proyectos-y-ejercicios\\primerProyecto\\backend\\services\\mysqlQueries\\userQueries.js": {"path":"C:\\Users\\Felix\\Desktop\\REELEVANT\\todos-los-proyectos-y-ejercicios\\primerProyecto\\backend\\services\\mysqlQueries\\userQueries.js","statementMap":{"0":{"start":{"line":1,"column":15},"end":{"line":1,"column":32}},"1":{"start":{"line":2,"column":12},"end":{"line":2,"column":26}},"2":{"start":{"line":4,"column":11},"end":{"line":4,"column":30}},"3":{"start":{"line":6,"column":20},"end":{"line":6,"column":22}},"4":{"start":{"line":8,"column":0},"end":{"line":25,"column":2}},"5":{"start":{"line":10,"column":13},"end":{"line":10,"column":17}},"6":{"start":{"line":11,"column":2},"end":{"line":23,"column":3}},"7":{"start":{"line":12,"column":4},"end":{"line":12,"column":39}},"8":{"start":{"line":13,"column":4},"end":{"line":18,"column":6}},"9":{"start":{"line":20,"column":4},"end":{"line":20,"column":23}},"10":{"start":{"line":22,"column":4},"end":{"line":22,"column":31}},"11":{"start":{"line":27,"column":0},"end":{"line":56,"column":2}},"12":{"start":{"line":28,"column":2},"end":{"line":28,"column":24}},"13":{"start":{"line":29,"column":13},"end":{"line":29,"column":17}},"14":{"start":{"line":30,"column":2},"end":{"line":55,"column":3}},"15":{"start":{"line":31,"column":4},"end":{"line":31,"column":39}},"16":{"start":{"line":32,"column":18},"end":{"line":42,"column":5}},"17":{"start":{"line":43,"column":4},"end":{"line":48,"column":6}},"18":{"start":{"line":51,"column":4},"end":{"line":51,"column":19}},"19":{"start":{"line":52,"column":4},"end":{"line":52,"column":23}},"20":{"start":{"line":54,"column":4},"end":{"line":54,"column":31}},"21":{"start":{"line":58,"column":0},"end":{"line":73,"column":2}},"22":{"start":{"line":59,"column":19},"end":{"line":59,"column":23}},"23":{"start":{"line":60,"column":8},"end":{"line":72,"column":9}},"24":{"start":{"line":61,"column":12},"end":{"line":61,"column":47}},"25":{"start":{"line":62,"column":12},"end":{"line":67,"column":14}},"26":{"start":{"line":69,"column":12},"end":{"line":69,"column":31}},"27":{"start":{"line":71,"column":12},"end":{"line":71,"column":39}},"28":{"start":{"line":75,"column":0},"end":{"line":86,"column":2}},"29":{"start":{"line":77,"column":15},"end":{"line":77,"column":19}},"30":{"start":{"line":78,"column":4},"end":{"line":85,"column":5}},"31":{"start":{"line":79,"column":8},"end":{"line":79,"column":42}},"32":{"start":{"line":80,"column":8},"end":{"line":80,"column":88}},"33":{"start":{"line":82,"column":8},"end":{"line":82,"column":26}},"34":{"start":{"line":84,"column":8},"end":{"line":84,"column":33}},"35":{"start":{"line":88,"column":0},"end":{"line":116,"column":2}},"36":{"start":{"line":90,"column":16},"end":{"line":90,"column":20}},"37":{"start":{"line":91,"column":5},"end":{"line":115,"column":6}},"38":{"start":{"line":92,"column":9},"end":{"line":92,"column":44}},"39":{"start":{"line":96,"column":23},"end":{"line":106,"column":10}},"40":{"start":{"line":108,"column":9},"end":{"line":108,"column":59}},"41":{"start":{"line":110,"column":9},"end":{"line":110,"column":97}},"42":{"start":{"line":112,"column":8},"end":{"line":112,"column":27}},"43":{"start":{"line":114,"column":9},"end":{"line":114,"column":34}},"44":{"start":{"line":119,"column":0},"end":{"line":119,"column":29}}},"fnMap":{"0":{"name":"(anonymous_0)","decl":{"start":{"line":8,"column":29},"end":{"line":8,"column":30}},"loc":{"start":{"line":8,"column":46},"end":{"line":25,"column":1}},"line":8},"1":{"name":"(anonymous_1)","decl":{"start":{"line":27,"column":22},"end":{"line":27,"column":23}},"loc":{"start":{"line":27,"column":42},"end":{"line":56,"column":1}},"line":27},"2":{"name":"(anonymous_2)","decl":{"start":{"line":58,"column":25},"end":{"line":58,"column":26}},"loc":{"start":{"line":58,"column":39},"end":{"line":73,"column":1}},"line":58},"3":{"name":"(anonymous_3)","decl":{"start":{"line":75,"column":26},"end":{"line":75,"column":27}},"loc":{"start":{"line":75,"column":40},"end":{"line":86,"column":1}},"line":75},"4":{"name":"(anonymous_4)","decl":{"start":{"line":88,"column":25},"end":{"line":88,"column":26}},"loc":{"start":{"line":88,"column":49},"end":{"line":116,"column":1}},"line":88}},"branchMap":{"0":{"loc":{"start":{"line":22,"column":4},"end":{"line":22,"column":30}},"type":"binary-expr","locations":[{"start":{"line":22,"column":4},"end":{"line":22,"column":8}},{"start":{"line":22,"column":13},"end":{"line":22,"column":29}}],"line":22},"1":{"loc":{"start":{"line":54,"column":4},"end":{"line":54,"column":30}},"type":"binary-expr","locations":[{"start":{"line":54,"column":4},"end":{"line":54,"column":8}},{"start":{"line":54,"column":13},"end":{"line":54,"column":29}}],"line":54},"2":{"loc":{"start":{"line":71,"column":12},"end":{"line":71,"column":38}},"type":"binary-expr","locations":[{"start":{"line":71,"column":12},"end":{"line":71,"column":16}},{"start":{"line":71,"column":21},"end":{"line":71,"column":37}}],"line":71},"3":{"loc":{"start":{"line":84,"column":8},"end":{"line":84,"column":32}},"type":"binary-expr","locations":[{"start":{"line":84,"column":8},"end":{"line":84,"column":12}},{"start":{"line":84,"column":16},"end":{"line":84,"column":32}}],"line":84},"4":{"loc":{"start":{"line":114,"column":9},"end":{"line":114,"column":33}},"type":"binary-expr","locations":[{"start":{"line":114,"column":9},"end":{"line":114,"column":13}},{"start":{"line":114,"column":17},"end":{"line":114,"column":33}}],"line":114}},"s":{"0":1,"1":1,"2":1,"3":1,"4":1,"5":2,"6":2,"7":2,"8":2,"9":0,"10":2,"11":1,"12":2,"13":2,"14":2,"15":2,"16":2,"17":2,"18":1,"19":1,"20":2,"21":1,"22":0,"23":0,"24":0,"25":0,"26":0,"27":0,"28":1,"29":0,"30":0,"31":0,"32":0,"33":0,"34":0,"35":1,"36":0,"37":0,"38":0,"39":0,"40":0,"41":0,"42":0,"43":0,"44":1},"f":{"0":2,"1":2,"2":0,"3":0,"4":0},"b":{"0":[2,2],"1":[2,2],"2":[0,0],"3":[0,0],"4":[0,0]},"_coverageSchema":"1a1c01bbd47fc00a2c39e90264f33305004495a9","hash":"a16a6bf864036a96e63346f1d53afa3bc2098fce"}
}
