TN:
SF:services\mysql.js
FN:5,(anonymous_0)
FN:6,(anonymous_1)
FN:15,(anonymous_2)
FN:27,(anonymous_3)
FN:28,(anonymous_4)
FN:30,(anonymous_5)
FNF:6
FNH:6
FNDA:4,(anonymous_0)
FNDA:4,(anonymous_1)
FNDA:4,(anonymous_2)
FNDA:4,(anonymous_3)
FNDA:4,(anonymous_4)
FNDA:4,(anonymous_5)
DA:2,1
DA:3,1
DA:5,1
DA:6,4
DA:7,4
DA:8,4
DA:15,4
DA:16,4
DA:17,0
DA:19,4
DA:22,0
DA:27,1
DA:28,4
DA:29,4
DA:30,4
DA:31,4
DA:32,3
DA:34,2
DA:35,2
DA:37,1
DA:38,1
DA:42,0
DA:43,0
DA:45,0
DA:48,1
DA:49,1
DA:53,0
DA:58,1
LF:28
LH:22
BRDA:16,0,0,0
BRDA:16,0,1,4
BRDA:31,1,0,3
BRDA:31,1,1,1
BRDA:32,2,0,2
BRDA:32,2,1,1
BRDA:32,2,2,0
BRDA:32,2,3,0
BRDA:32,2,4,0
BRDA:32,2,5,0
BRF:10
BRH:5
end_of_record
TN:
SF:services\mysqlQueries\userQueries.js
FN:8,(anonymous_0)
FN:27,(anonymous_1)
FN:58,(anonymous_2)
FN:75,(anonymous_3)
FN:88,(anonymous_4)
FNF:5
FNH:2
FNDA:2,(anonymous_0)
FNDA:2,(anonymous_1)
FNDA:0,(anonymous_2)
FNDA:0,(anonymous_3)
FNDA:0,(anonymous_4)
DA:1,1
DA:2,1
DA:4,1
DA:6,1
DA:8,1
DA:10,2
DA:11,2
DA:12,2
DA:13,2
DA:20,0
DA:22,2
DA:27,1
DA:28,2
DA:29,2
DA:30,2
DA:31,2
DA:32,2
DA:43,2
DA:51,1
DA:52,1
DA:54,2
DA:58,1
DA:59,0
DA:60,0
DA:61,0
DA:62,0
DA:69,0
DA:71,0
DA:75,1
DA:77,0
DA:78,0
DA:79,0
DA:80,0
DA:82,0
DA:84,0
DA:88,1
DA:90,0
DA:91,0
DA:92,0
DA:96,0
DA:108,0
DA:110,0
DA:112,0
DA:114,0
DA:119,1
LF:45
LH:24
BRDA:22,0,0,2
BRDA:22,0,1,2
BRDA:54,1,0,2
BRDA:54,1,1,2
BRDA:71,2,0,0
BRDA:71,2,1,0
BRDA:84,3,0,0
BRDA:84,3,1,0
BRDA:114,4,0,0
BRDA:114,4,1,0
BRF:10
BRH:4
end_of_record
